C51 COMPILER V9.59.0.0   DRV_TEMP                                                          04/21/2019 18:31:29 PAGE 1   


C51 COMPILER V9.59.0.0, COMPILATION OF MODULE DRV_TEMP
OBJECT MODULE PLACED IN .\Objects\drv_temp.obj
COMPILER INVOKED BY: C:\Keil\C51\BIN\C51.EXE src\drv_temp.c OMF2 OPTIMIZE(8,SPEED) BROWSE INCDIR(.\src) DEBUG PRINT(.\Li
                    -stings\drv_temp.lst) TABS(2) OBJECT(.\Objects\drv_temp.obj)

line level    source

   1          
   2          /*************************此部分为18B20的驱动程序*************************************/
   3          
   4          #include "drv_temp.h"
   5          
   6          sbit    D18B20 = P1 ^ 5;
   7          #define  NOP()   _nop_()   /* 定义空指令 */
   8          #define  _Nop()  _nop_()   /*定义空指令*/
   9          
  10          bit  flag;
  11          unsigned int  idata Temperature;
  12          unsigned char idata temp_buff[9]; //存储读取的字节，read scratchpad为9字节，read rom ID为8字节
  13          unsigned char idata id_buff[8];
  14          unsigned char idata *pp, TIM;
  15          unsigned char idata crc_data;
  16          
  17          unsigned char code CrcTable [256] =
  18          {
  19              0,  94, 188,  226,  97,  63,  221,  131,  194,  156,  126,  32,  163,  253,  31,  65,
  20              157,  195,  33,  127,  252,  162,  64,  30,  95,  1,  227,  189,  62,  96,  130,  220,
  21              35,  125,  159,  193,  66,  28,  254,  160,  225,  191,  93,  3,  128,  222,  60,  98,
  22              190,  224,  2,  92,  223,  129,  99,  61,  124,  34,  192,  158,  29,  67,  161,  255,
  23              70,  24,  250,  164,  39,  121,  155,  197,  132,  218,  56,  102,  229,  187,  89,  7,
  24              219,  133, 103,  57,  186,  228,  6,  88,  25,  71,  165,  251,  120,  38,  196,  154,
  25              101,  59, 217,  135,  4,  90,  184,  230,  167,  249,  27,  69,  198,  152,  122,  36,
  26              248,  166, 68,  26,  153,  199,  37,  123,  58,  100,  134,  216,  91,  5,  231,  185,
  27              140,  210, 48,  110,  237,  179,  81,  15,  78,  16,  242,  172,  47,  113,  147,  205,
  28              17,  79,  173,  243,  112,  46,  204,  146,  211,  141,  111,  49,  178,  236,  14,  80,
  29              175,  241, 19,  77,  206,  144,  114,  44,  109,  51,  209,  143,  12,  82,  176,  238,
  30              50,  108,  142,  208,  83,  13,  239,  177,  240,  174,  76,  18,  145,  207,  45,  115,
  31              202,  148, 118,  40,  171,  245,  23,  73,  8,  86,  180,  234,  105,  55,  213, 139,
  32              87,  9,  235,  181,  54,  104,  138,  212,  149,  203,  41,  119,  244,  170,  72,  22,
  33              233,  183,  85,  11,  136,  214,  52,  106,  43,  117,  151,  201,  74,  20,  246,  168,
  34              116,  42,  200,  150,  21,  75,  169,  247,  182,  232,  10,  84,  215,  137,  107,  53
  35          };
  36          //
  37          /************************************************************
  38          *Function:延时处理
  39          *parameter:
  40          *Return:
  41          *Modify:
  42          *************************************************************/
  43          void TempDelay (unsigned char idata us)
  44          {
  45   1          while(us--);
  46   1      }
  47          
  48          /************************************************************
  49          *Function:18B20初始化
  50          *parameter:
  51          *Return:
  52          *Modify:
  53          *************************************************************/
  54          void Init18b20 (void)
C51 COMPILER V9.59.0.0   DRV_TEMP                                                          04/21/2019 18:31:29 PAGE 2   

  55          {
  56   1          D18B20 = 1;
  57   1          _nop_();
  58   1          D18B20 = 0;
  59   1          TempDelay(80);   //delay 530 uS//80
  60   1          _nop_();
  61   1          D18B20 = 1;
  62   1          TempDelay(14);   //delay 100 uS//14
  63   1          _nop_();
  64   1          _nop_();
  65   1          _nop_();
  66   1      
  67   1          if(D18B20 == 0)
  68   1              flag = 1;   //detect 1820 success!
  69   1          else
  70   1              flag = 0;    //detect 1820 fail!
  71   1          TempDelay(20);       //20
  72   1          _nop_();
  73   1          _nop_();
  74   1          D18B20 = 1;
  75   1      }
  76          
  77          /************************************************************
  78          *Function:向18B20写入一个字节
  79          *parameter:
  80          *Return:
  81          *Modify:
  82          *************************************************************/
  83          void WriteByte (unsigned char idata wr)  //单字节写入
  84          {
  85   1          unsigned char idata i;
  86   1          for (i = 0; i < 8; i++)
  87   1          {
  88   2              D18B20 = 0;
  89   2              _nop_();
  90   2              D18B20 = wr & 0x01;
  91   2              TempDelay(3);   //delay 45 uS //5
  92   2              _nop_();
  93   2              _nop_();
  94   2              D18B20 = 1;
  95   2              wr >>= 1;
  96   2          }
  97   1      }
  98          
  99          /************************************************************
 100          *Function:读18B20的一个字节
 101          *parameter:
 102          *Return:
 103          *Modify:
 104          *************************************************************/
 105          unsigned char ReadByte (void)     //读取单字节
 106          {
 107   1          unsigned char idata i, u = 0;
 108   1          for(i = 0; i < 8; i++)
 109   1          {
 110   2              D18B20 = 0;
 111   2              u >>= 1;
 112   2              D18B20 = 1;
 113   2              if(D18B20 == 1)
 114   2                  u |= 0x80;
 115   2              TempDelay (2);
 116   2              _nop_();
C51 COMPILER V9.59.0.0   DRV_TEMP                                                          04/21/2019 18:31:29 PAGE 3   

 117   2          }
 118   1          return(u);
 119   1      }
 120          
 121          /************************************************************
 122          *Function:读18B20
 123          *parameter:
 124          *Return:
 125          *Modify:
 126          *************************************************************/
 127          void read_bytes (unsigned char idata j)
 128          {
 129   1          unsigned char idata i;
 130   1          for(i = 0; i < j; i++)
 131   1          {
 132   2              *pp = ReadByte();
 133   2              pp++;
 134   2          }
 135   1      }
 136          
 137          /************************************************************
 138          *Function:CRC校验
 139          *parameter:
 140          *Return:
 141          *Modify:
 142          *************************************************************/
 143          unsigned char CRC (unsigned char j)
 144          {
 145   1          unsigned char idata i, crc_data = 0;
 146   1          for(i = 0; i < j; i++) //查表校验
 147   1              crc_data = CrcTable[crc_data ^ temp_buff[i]];
 148   1          return (crc_data);
 149   1      }
 150          
 151          /************************************************************
 152          *Function:读取温度
 153          *parameter:
 154          *Return:
 155          *Modify:
 156          *************************************************************/
 157          void GemTemp (void)
 158          {
 159   1          read_bytes (9);
 160   1          if (CRC(9) == 0) //校验正确
 161   1          {
 162   2              Temperature = temp_buff[1] * 0x100 + temp_buff[0];
 163   2              //      Temperature *= 0.625;
 164   2              Temperature /= 16;
 165   2              TempDelay(1);
 166   2          }
 167   1      }
 168          
 169          /************************************************************
 170          *Function:内部配置
 171          *parameter:
 172          *Return:
 173          *Modify:
 174          *************************************************************/
 175          void Config18b20 (void)  //重新配置报警限定值和分辨率
 176          {
 177   1          Init18b20();
 178   1          WriteByte(0xcc);  //skip rom
C51 COMPILER V9.59.0.0   DRV_TEMP                                                          04/21/2019 18:31:29 PAGE 4   

 179   1          WriteByte(0x4e);  //write scratchpad
 180   1          WriteByte(0x19);  //上限
 181   1          WriteByte(0x1a);  //下限
 182   1          WriteByte(0x7f);     //set 12 bit (0.125)
 183   1          Init18b20();
 184   1          WriteByte(0xcc);  //skip rom
 185   1          WriteByte(0x48);  //保存设定值
 186   1          Init18b20();
 187   1          WriteByte(0xcc);  //skip rom
 188   1          WriteByte(0xb8);  //回调设定值
 189   1      }
 190          
 191          /************************************************************
 192          *Function:读18B20ID
 193          *parameter:
 194          *Return:
 195          *Modify:
 196          *************************************************************/
 197          void ReadID (void)//读取器件 id
 198          {
 199   1          Init18b20();
 200   1          WriteByte(0x33);  //read rom
 201   1          read_bytes(8);
 202   1      }
 203          
 204          /************************************************************
 205          *Function:18B20ID全处理
 206          *parameter:
 207          *Return:
 208          *Modify:
 209          *************************************************************/
 210          void TemperatuerResult(void)
 211          {
 212   1          pp = id_buff;
 213   1          ReadID();
 214   1          Config18b20();
 215   1          Init18b20 ();
 216   1          WriteByte(0xcc);   //skip rom
 217   1          WriteByte(0x44);   //Temperature convert
 218   1      
 219   1          Init18b20 ();
 220   1          WriteByte(0xcc);   //skip rom
 221   1          WriteByte(0xbe);   //read Temperature
 222   1          pp = temp_buff;
 223   1          GemTemp();
 224   1      }
 225          
 226          #if 0
              
              void GetTemp()
              {
                  if(TIM == 100) //每隔 1000ms 读取温度
                  {
                      TIM = 0;
                      TemperatuerResult();
                  }
              
              }
              
              /*************************************
               [ t1 (10ms)中断] 中断
              *************************************/
C51 COMPILER V9.59.0.0   DRV_TEMP                                                          04/21/2019 18:31:29 PAGE 5   

              void T1zd(void) interrupt 3
              {
                  TH1 = 0xD8;    //10
                  TL1 = 0xF0;
                  TIM++;
              
              }
              #endif


MODULE INFORMATION:   STATIC OVERLAYABLE
   CODE SIZE        =    343    ----
   CONSTANT SIZE    =    256    ----
   XDATA SIZE       =   ----    ----
   PDATA SIZE       =   ----    ----
   DATA SIZE        =      2    ----
   IDATA SIZE       =     20       6
   BIT SIZE         =      1    ----
   EDATA SIZE       =   ----    ----
   HDATA SIZE       =   ----    ----
   XDATA CONST SIZE =   ----    ----
   FAR CONST SIZE   =   ----    ----
END OF MODULE INFORMATION.


C51 COMPILATION COMPLETE.  0 WARNING(S),  0 ERROR(S)
